[debug] [2023-04-01T16:42:50.921Z] ----------------------------------------------------------------------
[debug] [2023-04-01T16:42:50.924Z] Command:       /usr/local/bin/node /usr/local/bin/firebase init
[debug] [2023-04-01T16:42:50.925Z] CLI Version:   11.25.2
[debug] [2023-04-01T16:42:50.925Z] Platform:      darwin
[debug] [2023-04-01T16:42:50.925Z] Node Version:  v19.6.0
[debug] [2023-04-01T16:42:50.925Z] Time:          Sat Apr 01 2023 17:42:50 GMT+0100 (British Summer Time)
[debug] [2023-04-01T16:42:50.925Z] ----------------------------------------------------------------------
[debug] 
[debug] [2023-04-01T16:42:50.932Z] > command requires scopes: ["email","openid","https://www.googleapis.com/auth/cloudplatformprojects.readonly","https://www.googleapis.com/auth/firebase","https://www.googleapis.com/auth/cloud-platform"]
[debug] [2023-04-01T16:42:50.933Z] > authorizing via signed-in user (usa.tunes.ftw@gmail.com)
[info] 
     ######## #### ########  ######## ########     ###     ######  ########
     ##        ##  ##     ## ##       ##     ##  ##   ##  ##       ##
     ######    ##  ########  ######   ########  #########  ######  ######
     ##        ##  ##    ##  ##       ##     ## ##     ##       ## ##
     ##       #### ##     ## ######## ########  ##     ##  ######  ########

You're about to initialize a Firebase project in this directory:

  /Users/jonathan/todo

[info] 
=== Project Setup
[info] 
[info] First, let's associate this project directory with a Firebase project.
[info] You can create multiple project aliases by running firebase use --add, 
[info] but for now we'll just set up a default project.
[info] 
[debug] [2023-04-01T16:42:55.746Z] >>> [apiv2][query] GET https://firebase.googleapis.com/v1beta1/projects pageSize=100
[debug] [2023-04-01T16:42:56.366Z] <<< [apiv2][status] GET https://firebase.googleapis.com/v1beta1/projects 200
[debug] [2023-04-01T16:42:56.366Z] <<< [apiv2][body] GET https://firebase.googleapis.com/v1beta1/projects [omitted]
[info] i  Using project todo-de4d9 (todo) 
[info] 
=== Hosting Setup
[info] 
[info] Your public directory is the folder (relative to your project directory) that
[info] will contain Hosting assets to be uploaded with firebase deploy. If you
[info] have a build process for your assets, use your build's output directory.
[info] 
[debug] [2023-04-01T16:43:26.647Z] >>> [apiv2][query] GET https://www.gstatic.com/firebasejs/releases.json [none]
[debug] [2023-04-01T16:43:26.721Z] <<< [apiv2][status] GET https://www.gstatic.com/firebasejs/releases.json 200
[debug] [2023-04-01T16:43:26.721Z] <<< [apiv2][body] GET https://www.gstatic.com/firebasejs/releases.json {"current":{"version":"9.19.1","browserURL":"https://www.gstatic.com/firebasejs/9.19.1/firebase.js","packageURL":"https://www.gstatic.com/firebasejs/9.19.1/firebase.tgz"},"live":{"version":"9.19","browserURL":"https://www.gstatic.com/firebasejs/live/9.19/firebase.js","packageURL":"https://www.gstatic.com/firebasejs/live/9.19/firebase.tgz"},"components":{"analytics":"https://www.gstatic.com/firebasejs/9.19.1/firebase-analytics.js","app":"https://www.gstatic.com/firebasejs/9.19.1/firebase-app.js","app-check":"https://www.gstatic.com/firebasejs/9.19.1/firebase-app-check.js","auth":"https://www.gstatic.com/firebasejs/9.19.1/firebase-auth.js","auth/cordova":"https://www.gstatic.com/firebasejs/9.19.1/firebase-auth/cordova.js","auth/react-native":"https://www.gstatic.com/firebasejs/9.19.1/firebase-auth/react-native.js","functions":"https://www.gstatic.com/firebasejs/9.19.1/firebase-functions.js","firestore":"https://www.gstatic.com/firebasejs/9.19.1/firebase-firestore.js","firestore/lite":"https://www.gstatic.com/firebasejs/9.19.1/firebase-firestore/lite.js","installations":"https://www.gstatic.com/firebasejs/9.19.1/firebase-installations.js","storage":"https://www.gstatic.com/firebasejs/9.19.1/firebase-storage.js","performance":"https://www.gstatic.com/firebasejs/9.19.1/firebase-performance.js","remote-config":"https://www.gstatic.com/firebasejs/9.19.1/firebase-remote-config.js","messaging":"https://www.gstatic.com/firebasejs/9.19.1/firebase-messaging.js","messaging/sw":"https://www.gstatic.com/firebasejs/9.19.1/firebase-messaging/sw.js","database":"https://www.gstatic.com/firebasejs/9.19.1/firebase-database.js","firestore.memory":"https://www.gstatic.com/firebasejs/9.19.1/firebase-firestore.memory.js"}}
[info] i  Skipping write of public/index.html 
[info] 
[info] i  Detected a .git folder at /Users/jonathan/todo 
[info] i  Authorizing with GitHub to upload your service account to a GitHub repository's secrets store. 
[info] 
[info] Visit this URL on this device to log in:
[info] https://github.com/login/oauth/authorize?client_id=89cf50f02ac6aaed3484&state=968839072&redirect_uri=http%3A%2F%2Flocalhost%3A9005&scope=read%3Auser%20repo%20public_repo
[info] 
[info] Waiting for authentication...
[debug] [2023-04-01T16:43:41.495Z] >>> [apiv2][query] POST https://github.com/login/oauth/access_token [none]
[debug] [2023-04-01T16:43:41.495Z] >>> [apiv2][body] POST https://github.com/login/oauth/access_token [stream]
[debug] [2023-04-01T16:43:41.782Z] <<< [apiv2][status] POST https://github.com/login/oauth/access_token 200
[debug] [2023-04-01T16:43:41.782Z] <<< [apiv2][body] POST https://github.com/login/oauth/access_token {"access_token":"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","token_type":"bearer","scope":"read:user,repo"}
[debug] [2023-04-01T16:43:41.786Z] >>> [apiv2][query] GET https://api.github.com/user [none]
[debug] [2023-04-01T16:43:42.146Z] <<< [apiv2][status] GET https://api.github.com/user 200
[debug] [2023-04-01T16:43:42.146Z] <<< [apiv2][body] GET https://api.github.com/user {"login":"trunten","id":4108334,"node_id":"MDQ6VXNlcjQxMDgzMzQ=","avatar_url":"https://avatars.githubusercontent.com/u/4108334?v=4","gravatar_id":"","url":"https://api.github.com/users/trunten","html_url":"https://github.com/trunten","followers_url":"https://api.github.com/users/trunten/followers","following_url":"https://api.github.com/users/trunten/following{/other_user}","gists_url":"https://api.github.com/users/trunten/gists{/gist_id}","starred_url":"https://api.github.com/users/trunten/starred{/owner}{/repo}","subscriptions_url":"https://api.github.com/users/trunten/subscriptions","organizations_url":"https://api.github.com/users/trunten/orgs","repos_url":"https://api.github.com/users/trunten/repos","events_url":"https://api.github.com/users/trunten/events{/privacy}","received_events_url":"https://api.github.com/users/trunten/received_events","type":"User","site_admin":false,"name":null,"company":null,"blog":"https://trunten.github.io/ubbc-react-portfolio/","location":null,"email":null,"hireable":null,"bio":null,"twitter_username":null,"public_repos":38,"public_gists":0,"followers":7,"following":4,"created_at":"2013-04-09T21:12:50Z","updated_at":"2023-03-17T16:31:08Z","private_gists":0,"total_private_repos":3,"owned_private_repos":3,"disk_usage":319155,"collaborators":0,"two_factor_authentication":false,"plan":{"name":"free","space":976562499,"collaborators":0,"private_repos":10000}}
[info] 
[info] ✔  Success! Logged into GitHub as trunten 
[info] 
[debug] [2023-04-01T16:44:54.756Z] >>> [apiv2][query] GET https://api.github.com/repos//actions/secrets/public-key type=owner
[debug] [2023-04-01T16:44:54.985Z] <<< [apiv2][status] GET https://api.github.com/repos//actions/secrets/public-key 404
[debug] [2023-04-01T16:44:54.985Z] <<< [apiv2][body] GET https://api.github.com/repos//actions/secrets/public-key {"message":"Not Found","documentation_url":"https://docs.github.com/rest"}
